[2025-07-19 00:41:01,639][__main__][INFO] - — Optimising with AugLagLoss + FIRE —
[2025-07-19 00:41:01,744][__main__][INFO] - step    0 | loss = 20846936.000000 | χ²_corr=2.381e+02 | χ²_scatt=1.030e+09 | q_loss=2.495e+05
[2025-07-19 00:41:01,744][__main__][INFO] - [MACE] Relax block at outer step 0
[2025-07-19 00:41:05,182][__main__][INFO] -     MACE sub‑step 00 | E = -331.794647 eV
[2025-07-19 00:41:09,450][__main__][INFO] -     MACE sub‑step 03 | E = -961.668335 eV
[2025-07-19 00:41:13,657][__main__][INFO] -     MACE sub‑step 06 | E = -1370.290894 eV
[2025-07-19 00:41:17,902][__main__][INFO] -     MACE sub‑step 09 | E = -1618.035400 eV
[2025-07-19 00:41:18,263][__main__][INFO] - step    5 | loss = 58827948.000000 | χ²_corr=2.386e+02 | χ²_scatt=2.930e+09 | q_loss=2.306e+05
[2025-07-19 00:41:18,263][__main__][INFO] - [MACE] Relax block at outer step 5
[2025-07-19 00:41:21,239][__main__][INFO] -     MACE sub‑step 00 | E = 1019.928955 eV
[2025-07-19 00:41:25,422][__main__][INFO] -     MACE sub‑step 03 | E = 735.590576 eV
[2025-07-19 00:41:29,628][__main__][INFO] -     MACE sub‑step 06 | E = 179.880737 eV
[2025-07-19 00:41:33,857][__main__][INFO] -     MACE sub‑step 09 | E = -217.880524 eV
[2025-07-19 00:41:34,178][__main__][INFO] - step   10 | loss = 43733114880.000000 | χ²_corr=3.780e+06 | χ²_scatt=1.683e+10 | q_loss=2.466e+05
[2025-07-19 00:41:34,178][__main__][INFO] - [MACE] Relax block at outer step 10
[2025-07-19 00:41:36,937][__main__][INFO] -     MACE sub‑step 00 | E = -1361.506836 eV
[2025-07-19 00:41:41,025][__main__][INFO] -     MACE sub‑step 03 | E = -1425.330078 eV
[2025-07-19 00:41:45,284][__main__][INFO] -     MACE sub‑step 06 | E = -1553.969971 eV
[2025-07-19 00:41:49,579][__main__][INFO] -     MACE sub‑step 09 | E = -1518.367188 eV
[2025-07-19 00:41:49,695][__main__][INFO] - step   15 | loss = 29765767528448.000000 | χ²_corr=7.545e+02 | χ²_scatt=6.656e+14 | q_loss=4.000e+02
[2025-07-19 00:41:49,696][__main__][INFO] - [MACE] Relax block at outer step 15
[2025-07-19 00:41:51,201][__main__][INFO] -     MACE sub‑step 00 | E = -653.623657 eV
[2025-07-19 00:41:53,406][__main__][INFO] -     MACE sub‑step 03 | E = -653.623657 eV
[2025-07-19 00:41:55,575][__main__][INFO] -     MACE sub‑step 06 | E = -653.623657 eV
[2025-07-19 00:41:57,779][__main__][INFO] -     MACE sub‑step 09 | E = -653.623657 eV
[2025-07-19 00:41:57,848][__main__][INFO] - step   20 | loss = 66558260936704.000000 | χ²_corr=7.545e+02 | χ²_scatt=6.656e+14 | q_loss=4.000e+02
[2025-07-19 00:41:57,848][__main__][INFO] - [MACE] Relax block at outer step 20
[2025-07-19 00:41:59,303][__main__][INFO] -     MACE sub‑step 00 | E = -653.623657 eV
[2025-07-19 00:42:01,566][__main__][INFO] -     MACE sub‑step 03 | E = -653.623657 eV
[2025-07-19 00:42:03,841][__main__][INFO] -     MACE sub‑step 06 | E = -653.623657 eV
[2025-07-19 00:42:06,049][__main__][INFO] -     MACE sub‑step 09 | E = -653.623657 eV
[2025-07-19 00:42:06,120][__main__][INFO] - step   25 | loss = 66558260936704.000000 | χ²_corr=7.545e+02 | χ²_scatt=6.656e+14 | q_loss=4.000e+02
[2025-07-19 00:42:06,120][__main__][INFO] - [MACE] Relax block at outer step 25
[2025-07-19 00:42:07,629][__main__][INFO] -     MACE sub‑step 00 | E = -653.623657 eV
[2025-07-19 00:42:10,736][__main__][INFO] -     MACE sub‑step 03 | E = -653.623657 eV
[2025-07-19 00:42:12,979][__main__][INFO] -     MACE sub‑step 06 | E = -653.623657 eV
[2025-07-19 00:42:15,191][__main__][INFO] -     MACE sub‑step 09 | E = -653.623657 eV
[2025-07-19 00:42:15,256][__main__][INFO] - step   30 | loss = 148828787310592.000000 | χ²_corr=7.545e+02 | χ²_scatt=6.656e+14 | q_loss=4.000e+02
[2025-07-19 00:42:15,256][__main__][INFO] - [MACE] Relax block at outer step 30
[2025-07-19 00:42:16,755][__main__][INFO] -     MACE sub‑step 00 | E = -653.623657 eV
[2025-07-19 00:42:19,059][__main__][INFO] -     MACE sub‑step 03 | E = -653.623657 eV
[2025-07-19 00:42:21,329][__main__][INFO] -     MACE sub‑step 06 | E = -653.623657 eV
[2025-07-19 00:42:23,532][__main__][INFO] -     MACE sub‑step 09 | E = -653.623657 eV
[2025-07-19 00:42:23,599][__main__][INFO] - step   35 | loss = 148828787310592.000000 | χ²_corr=7.545e+02 | χ²_scatt=6.656e+14 | q_loss=4.000e+02
[2025-07-19 00:42:23,599][__main__][INFO] - [MACE] Relax block at outer step 35
[2025-07-19 00:42:25,112][__main__][INFO] -     MACE sub‑step 00 | E = -653.623657 eV
[2025-07-19 00:42:27,395][__main__][INFO] -     MACE sub‑step 03 | E = -653.623657 eV
[2025-07-19 00:42:29,761][__main__][INFO] -     MACE sub‑step 06 | E = -653.623657 eV
[2025-07-19 00:42:31,969][__main__][INFO] -     MACE sub‑step 09 | E = -653.623657 eV
[2025-07-19 00:42:32,033][__main__][INFO] - step   40 | loss = 332791245963264.000000 | χ²_corr=7.545e+02 | χ²_scatt=6.656e+14 | q_loss=4.000e+02
[2025-07-19 00:42:32,033][__main__][INFO] - [MACE] Relax block at outer step 40
[2025-07-19 00:42:33,662][__main__][INFO] -     MACE sub‑step 00 | E = -653.623657 eV
[2025-07-19 00:42:35,968][__main__][INFO] -     MACE sub‑step 03 | E = -653.623657 eV
[2025-07-19 00:42:38,115][__main__][INFO] -     MACE sub‑step 06 | E = -653.623657 eV
[2025-07-19 00:42:40,360][__main__][INFO] -     MACE sub‑step 09 | E = -653.623657 eV
[2025-07-19 00:42:40,428][__main__][INFO] - step   45 | loss = 332791279517696.000000 | χ²_corr=7.545e+02 | χ²_scatt=6.656e+14 | q_loss=4.000e+02
[2025-07-19 00:42:40,428][__main__][INFO] - [MACE] Relax block at outer step 45
[2025-07-19 00:42:41,951][__main__][INFO] -     MACE sub‑step 00 | E = -653.623657 eV
[2025-07-19 00:42:44,228][__main__][INFO] -     MACE sub‑step 03 | E = -653.623657 eV
[2025-07-19 00:42:46,944][__main__][INFO] -     MACE sub‑step 06 | E = -653.623657 eV
[2025-07-19 00:42:49,353][__main__][INFO] -     MACE sub‑step 09 | E = -653.623657 eV
[2025-07-19 00:42:49,431][__main__][INFO] - step   50 | loss = 744143886221312.000000 | χ²_corr=7.545e+02 | χ²_scatt=6.656e+14 | q_loss=4.000e+02
[2025-07-19 00:42:49,431][__main__][INFO] - [MACE] Relax block at outer step 50
[2025-07-19 00:42:50,919][__main__][INFO] -     MACE sub‑step 00 | E = -653.623657 eV
[2025-07-19 00:42:53,200][__main__][INFO] -     MACE sub‑step 03 | E = -653.623657 eV
[2025-07-19 00:42:55,515][__main__][INFO] -     MACE sub‑step 06 | E = -653.623657 eV
[2025-07-19 00:42:58,012][__main__][INFO] -     MACE sub‑step 09 | E = -653.623657 eV
[2025-07-19 00:42:58,078][__main__][INFO] - step   55 | loss = 744143886221312.000000 | χ²_corr=7.545e+02 | χ²_scatt=6.656e+14 | q_loss=4.000e+02
[2025-07-19 00:42:58,078][__main__][INFO] - [MACE] Relax block at outer step 55
[2025-07-19 00:42:59,699][__main__][INFO] -     MACE sub‑step 00 | E = -653.623657 eV
[2025-07-19 00:43:02,022][__main__][INFO] -     MACE sub‑step 03 | E = -653.623657 eV
[2025-07-19 00:43:04,308][__main__][INFO] -     MACE sub‑step 06 | E = -653.623657 eV
[2025-07-19 00:43:06,602][__main__][INFO] -     MACE sub‑step 09 | E = -653.623657 eV
[2025-07-19 00:43:06,675][__main__][INFO] - step   60 | loss = 1663956229816320.000000 | χ²_corr=7.545e+02 | χ²_scatt=6.656e+14 | q_loss=4.000e+02
[2025-07-19 00:43:06,675][__main__][INFO] - [MACE] Relax block at outer step 60
[2025-07-19 00:43:08,180][__main__][INFO] -     MACE sub‑step 00 | E = -653.623657 eV
[2025-07-19 00:43:10,515][__main__][INFO] -     MACE sub‑step 03 | E = -653.623657 eV
[2025-07-19 00:43:13,104][__main__][INFO] -     MACE sub‑step 06 | E = -653.623657 eV
[2025-07-19 00:43:15,382][__main__][INFO] -     MACE sub‑step 09 | E = -653.623657 eV
[2025-07-19 00:43:15,455][__main__][INFO] - step   65 | loss = 1663956364034048.000000 | χ²_corr=7.545e+02 | χ²_scatt=6.656e+14 | q_loss=4.000e+02
[2025-07-19 00:43:15,455][__main__][INFO] - [MACE] Relax block at outer step 65
[2025-07-19 00:43:16,975][__main__][INFO] -     MACE sub‑step 00 | E = -653.623657 eV
[2025-07-19 00:43:19,340][__main__][INFO] -     MACE sub‑step 03 | E = -653.623657 eV
[2025-07-19 00:43:21,676][__main__][INFO] -     MACE sub‑step 06 | E = -653.623657 eV
[2025-07-19 00:43:23,958][__main__][INFO] -     MACE sub‑step 09 | E = -653.623657 eV
[2025-07-19 00:43:24,021][__main__][INFO] - step   70 | loss = 3720719162671104.000000 | χ²_corr=7.545e+02 | χ²_scatt=6.656e+14 | q_loss=4.000e+02
[2025-07-19 00:43:24,021][__main__][INFO] - [MACE] Relax block at outer step 70
[2025-07-19 00:43:25,529][__main__][INFO] -     MACE sub‑step 00 | E = -653.623657 eV
[2025-07-19 00:43:28,123][__main__][INFO] -     MACE sub‑step 03 | E = -653.623657 eV
[2025-07-19 00:43:31,039][__main__][INFO] -     MACE sub‑step 06 | E = -653.623657 eV
[2025-07-19 00:43:34,193][__main__][INFO] -     MACE sub‑step 09 | E = -653.623657 eV
[2025-07-19 00:43:34,259][__main__][INFO] - step   75 | loss = 3720719431106560.000000 | χ²_corr=7.545e+02 | χ²_scatt=6.656e+14 | q_loss=4.000e+02
[2025-07-19 00:43:34,259][__main__][INFO] - [MACE] Relax block at outer step 75
[2025-07-19 00:43:35,971][__main__][INFO] -     MACE sub‑step 00 | E = -653.623657 eV
[2025-07-19 00:43:38,443][__main__][INFO] -     MACE sub‑step 03 | E = -653.623657 eV
[2025-07-19 00:43:40,798][__main__][INFO] -     MACE sub‑step 06 | E = -653.623657 eV
[2025-07-19 00:43:43,012][__main__][INFO] -     MACE sub‑step 09 | E = -653.623657 eV
[2025-07-19 00:43:43,077][__main__][INFO] - step   80 | loss = 8319781685952512.000000 | χ²_corr=7.545e+02 | χ²_scatt=6.656e+14 | q_loss=4.000e+02
[2025-07-19 00:43:43,077][__main__][INFO] - [MACE] Relax block at outer step 80
[2025-07-19 00:43:44,598][__main__][INFO] -     MACE sub‑step 00 | E = -653.623657 eV
[2025-07-19 00:43:46,810][__main__][INFO] -     MACE sub‑step 03 | E = -653.623657 eV
[2025-07-19 00:43:49,057][__main__][INFO] -     MACE sub‑step 06 | E = -653.623657 eV
[2025-07-19 00:43:51,316][__main__][INFO] -     MACE sub‑step 09 | E = -653.623657 eV
[2025-07-19 00:43:51,378][__main__][INFO] - step   85 | loss = 8319782759694336.000000 | χ²_corr=7.545e+02 | χ²_scatt=6.656e+14 | q_loss=4.000e+02
[2025-07-19 00:43:51,378][__main__][INFO] - [MACE] Relax block at outer step 85
[2025-07-19 00:43:52,830][__main__][INFO] -     MACE sub‑step 00 | E = -653.623657 eV
[2025-07-19 00:43:55,031][__main__][INFO] -     MACE sub‑step 03 | E = -653.623657 eV
[2025-07-19 00:43:57,212][__main__][INFO] -     MACE sub‑step 06 | E = -653.623657 eV
[2025-07-19 00:43:59,388][__main__][INFO] -     MACE sub‑step 09 | E = -653.623657 eV
[2025-07-19 00:43:59,457][__main__][INFO] - step   90 | loss = 18603599303016448.000000 | χ²_corr=7.545e+02 | χ²_scatt=6.656e+14 | q_loss=4.000e+02
[2025-07-19 00:43:59,457][__main__][INFO] - [MACE] Relax block at outer step 90
[2025-07-19 00:44:00,933][__main__][INFO] -     MACE sub‑step 00 | E = -653.623657 eV
[2025-07-19 00:44:03,114][__main__][INFO] -     MACE sub‑step 03 | E = -653.623657 eV
[2025-07-19 00:44:05,305][__main__][INFO] -     MACE sub‑step 06 | E = -653.623657 eV
[2025-07-19 00:44:07,477][__main__][INFO] -     MACE sub‑step 09 | E = -653.623657 eV
[2025-07-19 00:44:07,540][__main__][INFO] - step   95 | loss = 18603605745467392.000000 | χ²_corr=7.545e+02 | χ²_scatt=6.656e+14 | q_loss=4.000e+02
[2025-07-19 00:44:07,540][__main__][INFO] - [MACE] Relax block at outer step 95
[2025-07-19 00:44:08,981][__main__][INFO] -     MACE sub‑step 00 | E = -653.623657 eV
[2025-07-19 00:44:11,223][__main__][INFO] -     MACE sub‑step 03 | E = -653.623657 eV
[2025-07-19 00:44:13,404][__main__][INFO] -     MACE sub‑step 06 | E = -653.623657 eV
[2025-07-19 00:44:15,581][__main__][INFO] -     MACE sub‑step 09 | E = -653.623657 eV
[2025-07-19 00:44:15,646][__main__][INFO] - step  100 | loss = 41598922925277184.000000 | χ²_corr=7.545e+02 | χ²_scatt=6.656e+14 | q_loss=4.000e+02
[2025-07-19 00:44:15,646][__main__][INFO] - [MACE] Relax block at outer step 100
[2025-07-19 00:44:17,085][__main__][INFO] -     MACE sub‑step 00 | E = -653.623657 eV
[2025-07-19 00:44:19,353][__main__][INFO] -     MACE sub‑step 03 | E = -653.623657 eV
[2025-07-19 00:44:21,573][__main__][INFO] -     MACE sub‑step 06 | E = -653.623657 eV
[2025-07-19 00:44:23,720][__main__][INFO] -     MACE sub‑step 09 | E = -653.623657 eV
[2025-07-19 00:44:23,783][__main__][INFO] - step  105 | loss = 41598952990048256.000000 | χ²_corr=7.545e+02 | χ²_scatt=6.656e+14 | q_loss=4.000e+02
[2025-07-19 00:44:23,783][__main__][INFO] - [MACE] Relax block at outer step 105
[2025-07-19 00:44:25,671][__main__][INFO] -     MACE sub‑step 00 | E = -653.623657 eV
[2025-07-19 00:44:28,083][__main__][INFO] -     MACE sub‑step 03 | E = -653.623657 eV
[2025-07-19 00:44:30,607][__main__][INFO] -     MACE sub‑step 06 | E = -653.623657 eV
[2025-07-19 00:44:32,924][__main__][INFO] -     MACE sub‑step 09 | E = -653.623657 eV
[2025-07-19 00:44:32,990][__main__][INFO] - step  110 | loss = 93018073824493568.000000 | χ²_corr=7.545e+02 | χ²_scatt=6.656e+14 | q_loss=4.000e+02
[2025-07-19 00:44:32,990][__main__][INFO] - [MACE] Relax block at outer step 110
[2025-07-19 00:44:34,526][__main__][INFO] -     MACE sub‑step 00 | E = -653.623657 eV
[2025-07-19 00:44:36,789][__main__][INFO] -     MACE sub‑step 03 | E = -653.623657 eV
[2025-07-19 00:44:39,070][__main__][INFO] -     MACE sub‑step 06 | E = -653.623657 eV
[2025-07-19 00:44:41,539][__main__][INFO] -     MACE sub‑step 09 | E = -653.623657 eV
[2025-07-19 00:44:41,611][__main__][INFO] - step  115 | loss = 93018211263447040.000000 | χ²_corr=7.545e+02 | χ²_scatt=6.656e+14 | q_loss=4.000e+02
[2025-07-19 00:44:41,611][__main__][INFO] - [MACE] Relax block at outer step 115
[2025-07-19 00:44:43,138][__main__][INFO] -     MACE sub‑step 00 | E = -653.623657 eV
[2025-07-19 00:44:45,437][__main__][INFO] -     MACE sub‑step 03 | E = -653.623657 eV
[2025-07-19 00:44:47,776][__main__][INFO] -     MACE sub‑step 06 | E = -653.623657 eV
[2025-07-19 00:44:50,053][__main__][INFO] -     MACE sub‑step 09 | E = -653.623657 eV
[2025-07-19 00:44:50,123][__main__][INFO] - step  120 | loss = 207994958223769600.000000 | χ²_corr=7.545e+02 | χ²_scatt=6.656e+14 | q_loss=4.000e+02
[2025-07-19 00:44:50,123][__main__][INFO] - [MACE] Relax block at outer step 120
[2025-07-19 00:44:51,629][__main__][INFO] -     MACE sub‑step 00 | E = -653.623657 eV
[2025-07-19 00:44:53,832][__main__][INFO] -     MACE sub‑step 03 | E = -653.623657 eV
[2025-07-19 00:44:56,059][__main__][INFO] -     MACE sub‑step 06 | E = -653.623657 eV
[2025-07-19 00:44:58,378][__main__][INFO] -     MACE sub‑step 09 | E = -653.623657 eV
[2025-07-19 00:44:58,448][__main__][INFO] - step  125 | loss = 207995662598406144.000000 | χ²_corr=7.545e+02 | χ²_scatt=6.656e+14 | q_loss=4.000e+02
[2025-07-19 00:44:58,448][__main__][INFO] - [MACE] Relax block at outer step 125
[2025-07-19 00:45:00,224][__main__][INFO] -     MACE sub‑step 00 | E = -653.623657 eV
[2025-07-19 00:45:02,677][__main__][INFO] -     MACE sub‑step 03 | E = -653.623657 eV
[2025-07-19 00:45:04,977][__main__][INFO] -     MACE sub‑step 06 | E = -653.623657 eV
[2025-07-19 00:45:07,288][__main__][INFO] -     MACE sub‑step 09 | E = -653.623657 eV
[2025-07-19 00:45:07,359][__main__][INFO] - step  130 | loss = 465092044159713280.000000 | χ²_corr=7.545e+02 | χ²_scatt=6.656e+14 | q_loss=4.000e+02
[2025-07-19 00:45:07,359][__main__][INFO] - [MACE] Relax block at outer step 130
[2025-07-19 00:45:08,990][__main__][INFO] -     MACE sub‑step 00 | E = -653.623657 eV
[2025-07-19 00:45:11,229][__main__][INFO] -     MACE sub‑step 03 | E = -653.623657 eV
[2025-07-19 00:45:13,754][__main__][INFO] -     MACE sub‑step 06 | E = -653.623657 eV
[2025-07-19 00:45:16,181][__main__][INFO] -     MACE sub‑step 09 | E = -653.623657 eV
[2025-07-19 00:45:16,249][__main__][INFO] - step  135 | loss = 465095514493288448.000000 | χ²_corr=7.545e+02 | χ²_scatt=6.656e+14 | q_loss=4.000e+02
[2025-07-19 00:45:16,249][__main__][INFO] - [MACE] Relax block at outer step 135
[2025-07-19 00:45:17,826][__main__][INFO] -     MACE sub‑step 00 | E = -653.623657 eV
[2025-07-19 00:45:20,085][__main__][INFO] -     MACE sub‑step 03 | E = -653.623657 eV
[2025-07-19 00:45:22,306][__main__][INFO] -     MACE sub‑step 06 | E = -653.623657 eV
[2025-07-19 00:45:24,716][__main__][INFO] -     MACE sub‑step 09 | E = -653.623657 eV
[2025-07-19 00:45:24,819][__main__][INFO] - step  140 | loss = 1039983106175533056.000000 | χ²_corr=7.545e+02 | χ²_scatt=6.656e+14 | q_loss=4.000e+02
[2025-07-19 00:45:24,819][__main__][INFO] - [MACE] Relax block at outer step 140
[2025-07-19 00:45:26,413][__main__][INFO] -     MACE sub‑step 00 | E = -653.623657 eV
[2025-07-19 00:45:28,877][__main__][INFO] -     MACE sub‑step 03 | E = -653.623657 eV
[2025-07-19 00:45:31,244][__main__][INFO] -     MACE sub‑step 06 | E = -653.623657 eV
[2025-07-19 00:45:33,551][__main__][INFO] -     MACE sub‑step 09 | E = -653.623657 eV
[2025-07-19 00:45:33,623][__main__][INFO] - step  145 | loss = 1040000492203147264.000000 | χ²_corr=7.545e+02 | χ²_scatt=6.656e+14 | q_loss=4.000e+02
[2025-07-19 00:45:33,623][__main__][INFO] - [MACE] Relax block at outer step 145
[2025-07-19 00:45:35,151][__main__][INFO] -     MACE sub‑step 00 | E = -653.623657 eV
[2025-07-19 00:45:37,370][__main__][INFO] -     MACE sub‑step 03 | E = -653.623657 eV
[2025-07-19 00:45:39,525][__main__][INFO] -     MACE sub‑step 06 | E = -653.623657 eV
[2025-07-19 00:45:41,669][__main__][INFO] -     MACE sub‑step 09 | E = -653.623657 eV
[2025-07-19 00:45:41,733][__main__][INFO] - step  150 | loss = 2325502002240421888.000000 | χ²_corr=7.545e+02 | χ²_scatt=6.656e+14 | q_loss=4.000e+02
[2025-07-19 00:45:41,733][__main__][INFO] - [MACE] Relax block at outer step 150
[2025-07-19 00:45:43,218][__main__][INFO] -     MACE sub‑step 00 | E = -653.623657 eV
[2025-07-19 00:45:45,399][__main__][INFO] -     MACE sub‑step 03 | E = -653.623657 eV
[2025-07-19 00:45:47,592][__main__][INFO] -     MACE sub‑step 06 | E = -653.623657 eV
[2025-07-19 00:45:49,824][__main__][INFO] -     MACE sub‑step 09 | E = -653.623657 eV
[2025-07-19 00:45:49,893][__main__][INFO] - step  155 | loss = 2325588863659016192.000000 | χ²_corr=7.545e+02 | χ²_scatt=6.656e+14 | q_loss=4.000e+02
[2025-07-19 00:45:49,893][__main__][INFO] - [MACE] Relax block at outer step 155
[2025-07-19 00:45:51,343][__main__][INFO] -     MACE sub‑step 00 | E = -653.623657 eV
[2025-07-19 00:45:53,501][__main__][INFO] -     MACE sub‑step 03 | E = -653.623657 eV
[2025-07-19 00:45:55,747][__main__][INFO] -     MACE sub‑step 06 | E = -653.623657 eV
[2025-07-19 00:45:57,916][__main__][INFO] -     MACE sub‑step 09 | E = -653.623657 eV
[2025-07-19 00:45:57,981][__main__][INFO] - step  160 | loss = 5200124300647989248.000000 | χ²_corr=7.545e+02 | χ²_scatt=6.656e+14 | q_loss=4.000e+02
[2025-07-19 00:45:57,981][__main__][INFO] - [MACE] Relax block at outer step 160
[2025-07-19 00:45:59,414][__main__][INFO] -     MACE sub‑step 00 | E = -653.623657 eV
[2025-07-19 00:46:01,594][__main__][INFO] -     MACE sub‑step 03 | E = -653.623657 eV
[2025-07-19 00:46:03,829][__main__][INFO] -     MACE sub‑step 06 | E = -653.623657 eV
[2025-07-19 00:46:06,078][__main__][INFO] -     MACE sub‑step 09 | E = -653.623657 eV
[2025-07-19 00:46:06,144][__main__][INFO] - step  165 | loss = 5200558607740960768.000000 | χ²_corr=7.545e+02 | χ²_scatt=6.656e+14 | q_loss=4.000e+02
[2025-07-19 00:46:06,144][__main__][INFO] - [MACE] Relax block at outer step 165
[2025-07-19 00:46:07,598][__main__][INFO] -     MACE sub‑step 00 | E = -653.623657 eV
