[2025-07-21 22:47:17,370][__main__][INFO] - — Optimising with AugLagLoss + FIRE —
[2025-07-21 22:47:17,499][__main__][INFO] - step    0 | loss = 279076064.000000 | χ²_corr=2.395e+02 | χ²_scatt=1.394e+10 | q_loss=2.224e+05 | scale_q=1.000e+00 | scale_scatt=2.000e-02 | rho=1.000e-03 | lambda_corr=2.395e-01 | 
[2025-07-21 22:47:17,827][__main__][INFO] - step    5 | loss = 31950608.000000 | χ²_corr=2.368e+02 | χ²_scatt=1.586e+09 | q_loss=2.266e+05 | scale_q=1.000e+00 | scale_scatt=2.000e-02 | rho=1.000e-03 | lambda_corr=1.431e+00 | 
[2025-07-21 22:47:18,095][__main__][INFO] - step   10 | loss = 29622158753792.000000 | χ²_corr=7.529e+02 | χ²_scatt=6.624e+14 | q_loss=4.000e+02 | scale_q=2.236e+00 | scale_scatt=4.472e-02 | rho=5.000e-03 | lambda_corr=3.848e+03 | 
[2025-07-21 22:47:18,166][__main__][INFO] - step   15 | loss = 29765754945536.000000 | χ²_corr=7.545e+02 | χ²_scatt=6.656e+14 | q_loss=4.000e+02 | scale_q=2.236e+00 | scale_scatt=4.472e-02 | rho=5.000e-03 | lambda_corr=3.867e+03 | 
[2025-07-21 22:47:18,244][__main__][INFO] - step   20 | loss = 66558248353792.000000 | χ²_corr=7.545e+02 | χ²_scatt=6.656e+14 | q_loss=4.000e+02 | scale_q=5.000e+00 | scale_scatt=1.000e-01 | rho=2.500e-02 | lambda_corr=3.901e+03 | 
[2025-07-21 22:47:18,317][__main__][INFO] - step   25 | loss = 66558248353792.000000 | χ²_corr=7.545e+02 | χ²_scatt=6.656e+14 | q_loss=4.000e+02 | scale_q=5.000e+00 | scale_scatt=1.000e-01 | rho=2.500e-02 | lambda_corr=3.996e+03 | 
[2025-07-21 22:47:18,387][__main__][INFO] - step   30 | loss = 148828770533376.000000 | χ²_corr=7.545e+02 | χ²_scatt=6.656e+14 | q_loss=4.000e+02 | scale_q=1.118e+01 | scale_scatt=2.236e-01 | rho=1.250e-01 | lambda_corr=4.165e+03 | 
[2025-07-21 22:47:18,454][__main__][INFO] - step   35 | loss = 148828770533376.000000 | χ²_corr=7.545e+02 | χ²_scatt=6.656e+14 | q_loss=4.000e+02 | scale_q=1.118e+01 | scale_scatt=2.236e-01 | rho=1.250e-01 | lambda_corr=4.637e+03 | 
[2025-07-21 22:47:18,521][__main__][INFO] - step   40 | loss = 332791245963264.000000 | χ²_corr=7.545e+02 | χ²_scatt=6.656e+14 | q_loss=4.000e+02 | scale_q=2.500e+01 | scale_scatt=5.000e-01 | rho=6.250e-01 | lambda_corr=5.486e+03 | 
[2025-07-21 22:47:18,598][__main__][INFO] - step   45 | loss = 332791245963264.000000 | χ²_corr=7.545e+02 | χ²_scatt=6.656e+14 | q_loss=4.000e+02 | scale_q=2.500e+01 | scale_scatt=5.000e-01 | rho=6.250e-01 | lambda_corr=7.843e+03 | 
[2025-07-21 22:47:18,665][__main__][INFO] - step   50 | loss = 744143886221312.000000 | χ²_corr=7.545e+02 | χ²_scatt=6.656e+14 | q_loss=4.000e+02 | scale_q=5.590e+01 | scale_scatt=1.118e+00 | rho=3.125e+00 | lambda_corr=1.209e+04 | 
[2025-07-21 22:47:18,731][__main__][INFO] - step   55 | loss = 744143886221312.000000 | χ²_corr=7.545e+02 | χ²_scatt=6.656e+14 | q_loss=4.000e+02 | scale_q=5.590e+01 | scale_scatt=1.118e+00 | rho=3.125e+00 | lambda_corr=2.388e+04 | 
[2025-07-21 22:47:18,804][__main__][INFO] - step   60 | loss = 1663956229816320.000000 | χ²_corr=7.545e+02 | χ²_scatt=6.656e+14 | q_loss=4.000e+02 | scale_q=1.250e+02 | scale_scatt=2.500e+00 | rho=1.563e+01 | lambda_corr=4.510e+04 | 
[2025-07-21 22:47:18,870][__main__][INFO] - step   65 | loss = 1663956364034048.000000 | χ²_corr=7.545e+02 | χ²_scatt=6.656e+14 | q_loss=4.000e+02 | scale_q=1.250e+02 | scale_scatt=2.500e+00 | rho=1.563e+01 | lambda_corr=1.040e+05 | 
[2025-07-21 22:47:18,937][__main__][INFO] - step   70 | loss = 3720719162671104.000000 | χ²_corr=7.545e+02 | χ²_scatt=6.656e+14 | q_loss=4.000e+02 | scale_q=2.795e+02 | scale_scatt=5.590e+00 | rho=7.813e+01 | lambda_corr=2.101e+05 | 
[2025-07-21 22:47:19,009][__main__][INFO] - step   75 | loss = 3720719431106560.000000 | χ²_corr=7.545e+02 | χ²_scatt=6.656e+14 | q_loss=4.000e+02 | scale_q=2.795e+02 | scale_scatt=5.590e+00 | rho=7.813e+01 | lambda_corr=5.049e+05 | 
[2025-07-21 22:47:19,075][__main__][INFO] - step   80 | loss = 8319781685952512.000000 | χ²_corr=7.545e+02 | χ²_scatt=6.656e+14 | q_loss=4.000e+02 | scale_q=6.250e+02 | scale_scatt=1.250e+01 | rho=3.906e+02 | lambda_corr=1.035e+06 | 
[2025-07-21 22:47:19,142][__main__][INFO] - step   85 | loss = 8319782759694336.000000 | χ²_corr=7.545e+02 | χ²_scatt=6.656e+14 | q_loss=4.000e+02 | scale_q=6.250e+02 | scale_scatt=1.250e+01 | rho=3.906e+02 | lambda_corr=2.509e+06 | 
[2025-07-21 22:47:19,209][__main__][INFO] - step   90 | loss = 18603599303016448.000000 | χ²_corr=7.545e+02 | χ²_scatt=6.656e+14 | q_loss=4.000e+02 | scale_q=1.398e+03 | scale_scatt=2.795e+01 | rho=1.953e+03 | lambda_corr=5.162e+06 | 
[2025-07-21 22:47:19,282][__main__][INFO] - step   95 | loss = 18603605745467392.000000 | χ²_corr=7.545e+02 | χ²_scatt=6.656e+14 | q_loss=4.000e+02 | scale_q=1.398e+03 | scale_scatt=2.795e+01 | rho=1.953e+03 | lambda_corr=1.253e+07 | 
[2025-07-21 22:47:19,350][__main__][INFO] - step  100 | loss = 41598922925277184.000000 | χ²_corr=7.545e+02 | χ²_scatt=6.656e+14 | q_loss=4.000e+02 | scale_q=3.125e+03 | scale_scatt=6.250e+01 | rho=9.766e+03 | lambda_corr=2.579e+07 | 
[2025-07-21 22:47:19,526][__main__][INFO] - step  105 | loss = 41598952990048256.000000 | χ²_corr=7.545e+02 | χ²_scatt=6.656e+14 | q_loss=4.000e+02 | scale_q=3.125e+03 | scale_scatt=6.250e+01 | rho=9.766e+03 | lambda_corr=6.263e+07 | 
[2025-07-21 22:47:19,595][__main__][INFO] - step  110 | loss = 93018073824493568.000000 | χ²_corr=7.545e+02 | χ²_scatt=6.656e+14 | q_loss=4.000e+02 | scale_q=6.988e+03 | scale_scatt=1.398e+02 | rho=4.883e+04 | lambda_corr=1.289e+08 | 
[2025-07-21 22:47:19,661][__main__][INFO] - step  115 | loss = 93018211263447040.000000 | χ²_corr=7.545e+02 | χ²_scatt=6.656e+14 | q_loss=4.000e+02 | scale_q=6.988e+03 | scale_scatt=1.398e+02 | rho=4.883e+04 | lambda_corr=3.132e+08 | 
[2025-07-21 22:47:19,730][__main__][INFO] - step  120 | loss = 207994958223769600.000000 | χ²_corr=7.545e+02 | χ²_scatt=6.656e+14 | q_loss=4.000e+02 | scale_q=1.563e+04 | scale_scatt=3.125e+02 | rho=2.441e+05 | lambda_corr=6.447e+08 | 
[2025-07-21 22:47:19,805][__main__][INFO] - step  125 | loss = 207995662598406144.000000 | χ²_corr=7.545e+02 | χ²_scatt=6.656e+14 | q_loss=4.000e+02 | scale_q=1.563e+04 | scale_scatt=3.125e+02 | rho=2.441e+05 | lambda_corr=1.566e+09 | 
[2025-07-21 22:47:19,873][__main__][INFO] - step  130 | loss = 465092044159713280.000000 | χ²_corr=7.545e+02 | χ²_scatt=6.656e+14 | q_loss=4.000e+02 | scale_q=3.494e+04 | scale_scatt=6.988e+02 | rho=1.221e+06 | lambda_corr=3.224e+09 | 
[2025-07-21 22:47:19,942][__main__][INFO] - step  135 | loss = 465095514493288448.000000 | χ²_corr=7.545e+02 | χ²_scatt=6.656e+14 | q_loss=4.000e+02 | scale_q=3.494e+04 | scale_scatt=6.988e+02 | rho=1.221e+06 | lambda_corr=7.829e+09 | 
[2025-07-21 22:47:20,012][__main__][INFO] - step  140 | loss = 1039983106175533056.000000 | χ²_corr=7.545e+02 | χ²_scatt=6.656e+14 | q_loss=4.000e+02 | scale_q=7.813e+04 | scale_scatt=1.563e+03 | rho=6.104e+06 | lambda_corr=1.612e+10 | 
[2025-07-21 22:47:20,080][__main__][INFO] - step  145 | loss = 1040000492203147264.000000 | χ²_corr=7.545e+02 | χ²_scatt=6.656e+14 | q_loss=4.000e+02 | scale_q=7.813e+04 | scale_scatt=1.563e+03 | rho=6.104e+06 | lambda_corr=3.914e+10 | 
[2025-07-21 22:47:20,146][__main__][INFO] - step  150 | loss = 2325502002240421888.000000 | χ²_corr=7.545e+02 | χ²_scatt=6.656e+14 | q_loss=4.000e+02 | scale_q=1.747e+05 | scale_scatt=3.494e+03 | rho=3.052e+07 | lambda_corr=8.059e+10 | 
[2025-07-21 22:47:20,218][__main__][INFO] - step  155 | loss = 2325588863659016192.000000 | χ²_corr=7.545e+02 | χ²_scatt=6.656e+14 | q_loss=4.000e+02 | scale_q=1.747e+05 | scale_scatt=3.494e+03 | rho=3.052e+07 | lambda_corr=1.957e+11 | 
[2025-07-21 22:47:20,286][__main__][INFO] - step  160 | loss = 5200124300647989248.000000 | χ²_corr=7.545e+02 | χ²_scatt=6.656e+14 | q_loss=4.000e+02 | scale_q=3.906e+05 | scale_scatt=7.813e+03 | rho=1.526e+08 | lambda_corr=4.030e+11 | 
[2025-07-21 22:47:20,359][__main__][INFO] - step  165 | loss = 5200558607740960768.000000 | χ²_corr=7.545e+02 | χ²_scatt=6.656e+14 | q_loss=4.000e+02 | scale_q=3.906e+05 | scale_scatt=7.813e+03 | rho=1.526e+08 | lambda_corr=9.786e+11 | 
[2025-07-21 22:47:20,433][__main__][INFO] - step  170 | loss = 11628552623103148032.000000 | χ²_corr=7.545e+02 | χ²_scatt=6.656e+14 | q_loss=4.000e+02 | scale_q=8.735e+05 | scale_scatt=1.747e+04 | rho=7.629e+08 | lambda_corr=2.015e+12 | 
[2025-07-21 22:47:20,501][__main__][INFO] - step  175 | loss = 11630724158568005632.000000 | χ²_corr=7.545e+02 | χ²_scatt=6.656e+14 | q_loss=4.000e+02 | scale_q=8.735e+05 | scale_scatt=1.747e+04 | rho=7.629e+08 | lambda_corr=4.893e+12 | 
[2025-07-21 22:47:20,569][__main__][INFO] - step  180 | loss = 26005833738111418368.000000 | χ²_corr=7.545e+02 | χ²_scatt=6.656e+14 | q_loss=4.000e+02 | scale_q=1.953e+06 | scale_scatt=3.906e+04 | rho=3.815e+09 | lambda_corr=1.007e+13 | 
[2025-07-21 22:47:20,643][__main__][INFO] - step  185 | loss = 26016692514947334144.000000 | χ²_corr=7.545e+02 | χ²_scatt=6.656e+14 | q_loss=4.000e+02 | scale_q=1.953e+06 | scale_scatt=3.906e+04 | rho=3.815e+09 | lambda_corr=2.446e+13 | 
[2025-07-21 22:47:20,711][__main__][INFO] - step  190 | loss = 58168813844512636928.000000 | χ²_corr=7.545e+02 | χ²_scatt=6.656e+14 | q_loss=4.000e+02 | scale_q=4.367e+06 | scale_scatt=8.735e+04 | rho=1.907e+10 | lambda_corr=5.037e+13 | 
[2025-07-21 22:47:20,782][__main__][INFO] - step  195 | loss = 58223107728692215808.000000 | χ²_corr=7.545e+02 | χ²_scatt=6.656e+14 | q_loss=4.000e+02 | scale_q=4.367e+06 | scale_scatt=8.735e+04 | rho=1.907e+10 | lambda_corr=1.223e+14 | 
[2025-07-21 22:47:20,853][__main__][INFO] - step  200 | loss = 130159456420402036736.000000 | χ²_corr=7.545e+02 | χ²_scatt=6.656e+14 | q_loss=4.000e+02 | scale_q=9.766e+06 | scale_scatt=1.953e+05 | rho=9.537e+10 | lambda_corr=2.518e+14 | 
[2025-07-21 22:47:20,924][__main__][INFO] - step  205 | loss = 130430912647160397824.000000 | χ²_corr=7.545e+02 | χ²_scatt=6.656e+14 | q_loss=4.000e+02 | scale_q=9.766e+06 | scale_scatt=1.953e+05 | rho=9.537e+10 | lambda_corr=6.116e+14 | 
[2025-07-21 22:47:20,992][__main__][INFO] - step  210 | loss = 291495573842485575680.000000 | χ²_corr=7.545e+02 | χ²_scatt=6.656e+14 | q_loss=4.000e+02 | scale_q=2.184e+07 | scale_scatt=4.367e+05 | rho=4.768e+11 | lambda_corr=1.259e+15 | 
[2025-07-21 22:47:21,058][__main__][INFO] - step  215 | loss = 292852846180184358912.000000 | χ²_corr=7.545e+02 | χ²_scatt=6.656e+14 | q_loss=4.000e+02 | scale_q=2.184e+07 | scale_scatt=4.367e+05 | rho=4.768e+11 | lambda_corr=3.058e+15 | 
[2025-07-21 22:47:21,129][__main__][INFO] - step  220 | loss = 654054818395761672192.000000 | χ²_corr=7.545e+02 | χ²_scatt=6.656e+14 | q_loss=4.000e+02 | scale_q=4.883e+07 | scale_scatt=9.766e+05 | rho=2.384e+12 | lambda_corr=6.296e+15 | 
[2025-07-21 22:47:21,200][__main__][INFO] - step  225 | loss = 660841180084255588352.000000 | χ²_corr=7.545e+02 | χ²_scatt=6.656e+14 | q_loss=4.000e+02 | scale_q=4.883e+07 | scale_scatt=9.766e+05 | rho=2.384e+12 | lambda_corr=1.529e+16 | 
[2025-07-21 22:47:21,274][__main__][INFO] - step  230 | loss = 1473765260410115588096.000000 | χ²_corr=7.545e+02 | χ²_scatt=6.656e+14 | q_loss=4.000e+02 | scale_q=1.092e+08 | scale_scatt=2.184e+06 | rho=1.192e+13 | lambda_corr=3.148e+16 | 
[2025-07-21 22:47:21,342][__main__][INFO] - step  235 | loss = 1507697209590073524224.000000 | χ²_corr=7.545e+02 | χ²_scatt=6.656e+14 | q_loss=4.000e+02 | scale_q=1.092e+08 | scale_scatt=2.184e+06 | rho=1.192e+13 | lambda_corr=7.645e+16 | 
[2025-07-21 22:47:21,410][__main__][INFO] - step  240 | loss = 3351710854453200420864.000000 | χ²_corr=7.545e+02 | χ²_scatt=6.656e+14 | q_loss=4.000e+02 | scale_q=2.441e+08 | scale_scatt=4.883e+06 | rho=5.960e+13 | lambda_corr=1.574e+17 | 
[2025-07-21 22:47:21,479][__main__][INFO] - step  245 | loss = 3521370178140525035520.000000 | χ²_corr=7.545e+02 | χ²_scatt=6.656e+14 | q_loss=4.000e+02 | scale_q=2.441e+08 | scale_scatt=4.883e+06 | rho=5.960e+13 | lambda_corr=3.823e+17 | 
[2025-07-21 22:47:21,559][__main__][INFO] - step  250 | loss = 7776009692210073174016.000000 | χ²_corr=7.545e+02 | χ²_scatt=6.656e+14 | q_loss=4.000e+02 | scale_q=5.459e+08 | scale_scatt=1.092e+07 | rho=2.980e+14 | lambda_corr=7.870e+17 | 
[2025-07-21 22:47:21,628][__main__][INFO] - step  255 | loss = 8624307155071626379264.000000 | χ²_corr=7.545e+02 | χ²_scatt=6.656e+14 | q_loss=4.000e+02 | scale_q=5.459e+08 | scale_scatt=1.092e+07 | rho=2.980e+14 | lambda_corr=1.911e+18 | 
[2025-07-21 22:47:21,695][__main__][INFO] - step  260 | loss = 18794469252738641297408.000000 | χ²_corr=7.545e+02 | χ²_scatt=6.656e+14 | q_loss=4.000e+02 | scale_q=1.221e+09 | scale_scatt=2.441e+07 | rho=1.490e+15 | lambda_corr=3.935e+18 | 
[2025-07-21 22:47:21,775][__main__][INFO] - step  265 | loss = 23035957129996360744960.000000 | χ²_corr=7.545e+02 | χ²_scatt=6.656e+14 | q_loss=4.000e+02 | scale_q=1.221e+09 | scale_scatt=2.441e+07 | rho=1.490e+15 | lambda_corr=9.557e+18 | 
[2025-07-21 22:47:21,860][__main__][INFO] - step  270 | loss = 49059620267188818018304.000000 | χ²_corr=7.545e+02 | χ²_scatt=6.656e+14 | q_loss=4.000e+02 | scale_q=2.730e+09 | scale_scatt=5.459e+07 | rho=7.451e+15 | lambda_corr=1.968e+19 | 
[2025-07-21 22:47:21,944][__main__][INFO] - step  275 | loss = 70267052898077974200320.000000 | χ²_corr=7.545e+02 | χ²_scatt=6.656e+14 | q_loss=4.000e+02 | scale_q=2.730e+09 | scale_scatt=5.459e+07 | rho=7.451e+15 | lambda_corr=4.778e+19 | 
[2025-07-21 22:47:22,029][__main__][INFO] - step  280 | loss = 144870198538986026172416.000000 | χ²_corr=7.545e+02 | χ²_scatt=6.656e+14 | q_loss=4.000e+02 | scale_q=6.104e+09 | scale_scatt=1.221e+08 | rho=3.725e+16 | lambda_corr=9.838e+19 | 
[2025-07-21 22:47:22,102][__main__][INFO] - step  285 | loss = 250907406729428080787456.000000 | χ²_corr=7.545e+02 | χ²_scatt=6.656e+14 | q_loss=4.000e+02 | scale_q=6.104e+09 | scale_scatt=1.221e+08 | rho=3.725e+16 | lambda_corr=2.389e+20 | 
[2025-07-21 22:47:22,175][__main__][INFO] - step  290 | loss = 499787364964208002203648.000000 | χ²_corr=7.545e+02 | χ²_scatt=6.656e+14 | q_loss=4.000e+02 | scale_q=1.365e+10 | scale_scatt=2.730e+08 | rho=1.863e+17 | lambda_corr=4.919e+20 | 
[2025-07-21 22:47:22,255][__main__][INFO] - step  295 | loss = 1029973306837226473127936.000000 | χ²_corr=7.545e+02 | χ²_scatt=6.656e+14 | q_loss=4.000e+02 | scale_q=1.365e+10 | scale_scatt=2.730e+08 | rho=1.863e+17 | lambda_corr=1.195e+21 | 
[2025-07-21 22:47:22,334][__main__][INFO] - step  300 | loss = 1996797067641869813415936.000000 | χ²_corr=7.545e+02 | χ²_scatt=6.656e+14 | q_loss=4.000e+02 | scale_q=3.052e+10 | scale_scatt=6.104e+08 | rho=9.313e+17 | lambda_corr=2.459e+21 | 
[2025-07-21 22:47:22,411][__main__][INFO] - step  305 | loss = 4647726921122150243893248.000000 | χ²_corr=7.545e+02 | χ²_scatt=6.656e+14 | q_loss=4.000e+02 | scale_q=3.052e+10 | scale_scatt=6.104e+08 | rho=9.313e+17 | lambda_corr=5.973e+21 | 
[2025-07-21 22:47:22,498][__main__][INFO] - step  310 | loss = 8861166758202974941478912.000000 | χ²_corr=7.545e+02 | χ²_scatt=6.656e+14 | q_loss=4.000e+02 | scale_q=6.824e+10 | scale_scatt=1.365e+09 | rho=4.657e+18 | lambda_corr=1.230e+22 | 
[2025-07-21 22:47:22,608][__main__][INFO] - step  315 | loss = 22115819916714455141974016.000000 | χ²_corr=7.545e+02 | χ²_scatt=6.656e+14 | q_loss=4.000e+02 | scale_q=6.824e+10 | scale_scatt=1.365e+09 | rho=4.657e+18 | lambda_corr=2.986e+22 | 
[2025-07-21 22:47:22,691][__main__][INFO] - step  320 | loss = 41795143147627150005239808.000000 | χ²_corr=7.545e+02 | χ²_scatt=6.656e+14 | q_loss=4.000e+02 | scale_q=1.526e+11 | scale_scatt=3.052e+09 | rho=2.328e+19 | lambda_corr=6.149e+22 | 
[2025-07-21 22:47:22,765][__main__][INFO] - step  325 | loss = 108068377811303926622846976.000000 | χ²_corr=7.545e+02 | χ²_scatt=6.656e+14 | q_loss=4.000e+02 | scale_q=1.526e+11 | scale_scatt=3.052e+09 | rho=2.328e+19 | lambda_corr=1.493e+23 | 
[2025-07-21 22:47:22,833][__main__][INFO] - step  330 | loss = 203361610588312892950446080.000000 | χ²_corr=7.545e+02 | χ²_scatt=6.656e+14 | q_loss=4.000e+02 | scale_q=3.412e+11 | scale_scatt=6.824e+09 | rho=1.164e+20 | lambda_corr=3.074e+23 | 
[2025-07-21 22:47:22,904][__main__][INFO] - step  335 | loss = 534727760848266683901542400.000000 | χ²_corr=7.545e+02 | χ²_scatt=6.656e+14 | q_loss=4.000e+02 | scale_q=3.412e+11 | scale_scatt=6.824e+09 | rho=1.164e+20 | lambda_corr=7.466e+23 | 
[2025-07-21 22:47:22,980][__main__][INFO] - step  340 | loss = 1004254471750338829881442304.000000 | χ²_corr=7.545e+02 | χ²_scatt=6.656e+14 | q_loss=4.000e+02 | scale_q=7.629e+11 | scale_scatt=1.526e+10 | rho=5.821e+20 | lambda_corr=1.537e+24 | 
[2025-07-21 22:47:23,056][__main__][INFO] - step  345 | loss = 2661085389070804448022888448.000000 | χ²_corr=7.545e+02 | χ²_scatt=6.656e+14 | q_loss=4.000e+02 | scale_q=7.629e+11 | scale_scatt=1.526e+10 | rho=5.821e+20 | lambda_corr=3.733e+24 | 
[2025-07-21 22:47:23,135][__main__][INFO] - step  350 | loss = 4993201874507754029874937856.000000 | χ²_corr=7.545e+02 | χ²_scatt=6.656e+14 | q_loss=4.000e+02 | scale_q=1.706e+12 | scale_scatt=3.412e+10 | rho=2.910e+21 | lambda_corr=7.686e+24 | 
[2025-07-21 22:47:23,208][__main__][INFO] - step  355 | loss = 13277357198979845068964233216.000000 | χ²_corr=7.545e+02 | χ²_scatt=6.656e+14 | q_loss=4.000e+02 | scale_q=1.706e+12 | scale_scatt=3.412e+10 | rho=2.910e+21 | lambda_corr=1.867e+25 | 
[2025-07-21 22:47:23,279][__main__][INFO] - step  360 | loss = 24903241448135897901311197184.000000 | χ²_corr=7.545e+02 | χ²_scatt=6.656e+14 | q_loss=4.000e+02 | scale_q=3.815e+12 | scale_scatt=7.629e+10 | rho=1.455e+22 | lambda_corr=3.843e+25 | 
[2025-07-21 22:47:23,356][__main__][INFO] - step  365 | loss = 66324012757834059868406808576.000000 | χ²_corr=7.545e+02 | χ²_scatt=6.656e+14 | q_loss=4.000e+02 | scale_q=3.815e+12 | scale_scatt=7.629e+10 | rho=1.455e+22 | lambda_corr=9.333e+25 | 
[2025-07-21 22:47:23,436][__main__][INFO] - step  370 | loss = 124375856147625362215982333952.000000 | χ²_corr=7.545e+02 | χ²_scatt=6.656e+14 | q_loss=4.000e+02 | scale_q=8.530e+12 | scale_scatt=1.706e+11 | rho=7.276e+22 | lambda_corr=1.921e+26 | 
[2025-07-21 22:47:23,625][__main__][INFO] - step  375 | loss = 331479715057299413486282997760.000000 | χ²_corr=7.545e+02 | χ²_scatt=6.656e+14 | q_loss=4.000e+02 | scale_q=8.530e+12 | scale_scatt=1.706e+11 | rho=7.276e+22 | lambda_corr=4.666e+26 | 
