[2025-07-19 00:39:12,365][__main__][INFO] - — Optimising with AugLagLoss + FIRE —
[2025-07-19 00:39:12,450][__main__][INFO] - [MACE] Relax block at outer step 0
[2025-07-19 00:39:15,812][__main__][INFO] -     MACE sub‑step 00 | E = 177.606567 eV
[2025-07-19 00:39:20,034][__main__][INFO] -     MACE sub‑step 03 | E = -573.666016 eV
[2025-07-19 00:39:24,152][__main__][INFO] -     MACE sub‑step 06 | E = -1028.153076 eV
[2025-07-19 00:39:28,343][__main__][INFO] -     MACE sub‑step 09 | E = -1317.707397 eV
[2025-07-19 00:39:28,343][__main__][INFO] - step    0 | loss = 95277128.000000 | χ²_corr=2.375e+02 | χ²_scatt=4.753e+09 | q_loss=2.143e+05
[2025-07-19 00:39:28,665][__main__][INFO] - [MACE] Relax block at outer step 5
[2025-07-19 00:39:31,452][__main__][INFO] -     MACE sub‑step 00 | E = 1491.412476 eV
[2025-07-19 00:39:35,615][__main__][INFO] -     MACE sub‑step 03 | E = 634.497437 eV
[2025-07-19 00:39:39,757][__main__][INFO] -     MACE sub‑step 06 | E = 395.466187 eV
[2025-07-19 00:39:44,053][__main__][INFO] -     MACE sub‑step 09 | E = 145.186768 eV
[2025-07-19 00:39:44,054][__main__][INFO] - step    5 | loss = 1887277312.000000 | χ²_corr=2.337e+02 | χ²_scatt=9.435e+10 | q_loss=2.094e+05
[2025-07-19 00:39:44,374][__main__][INFO] - [MACE] Relax block at outer step 10
[2025-07-19 00:39:45,810][__main__][INFO] -     MACE sub‑step 00 | E = -674.878052 eV
[2025-07-19 00:39:47,964][__main__][INFO] -     MACE sub‑step 03 | E = -674.878052 eV
[2025-07-19 00:39:50,076][__main__][INFO] -     MACE sub‑step 06 | E = -674.878052 eV
[2025-07-19 00:39:52,183][__main__][INFO] -     MACE sub‑step 09 | E = -674.878052 eV
[2025-07-19 00:39:52,183][__main__][INFO] - step   10 | loss = nan | χ²_corr=9.984e+07 | χ²_scatt=1.069e+10 | q_loss=nan
[2025-07-19 00:39:52,251][__main__][INFO] - [MACE] Relax block at outer step 15
[2025-07-19 00:39:53,659][__main__][INFO] -     MACE sub‑step 00 | E = -653.623657 eV
[2025-07-19 00:39:55,797][__main__][INFO] -     MACE sub‑step 03 | E = -653.623657 eV
[2025-07-19 00:39:57,907][__main__][INFO] -     MACE sub‑step 06 | E = -653.623657 eV
[2025-07-19 00:40:00,159][__main__][INFO] -     MACE sub‑step 09 | E = -653.623657 eV
[2025-07-19 00:40:00,159][__main__][INFO] - step   15 | loss = 29766161793024.000000 | χ²_corr=7.545e+02 | χ²_scatt=6.656e+14 | q_loss=4.000e+02
[2025-07-19 00:40:00,239][__main__][INFO] - [MACE] Relax block at outer step 20
[2025-07-19 00:40:01,712][__main__][INFO] -     MACE sub‑step 00 | E = -653.623657 eV
[2025-07-19 00:40:03,954][__main__][INFO] -     MACE sub‑step 03 | E = -653.623657 eV
[2025-07-19 00:40:06,074][__main__][INFO] -     MACE sub‑step 06 | E = -653.623657 eV
[2025-07-19 00:40:08,349][__main__][INFO] -     MACE sub‑step 09 | E = -653.623657 eV
[2025-07-19 00:40:08,350][__main__][INFO] - step   20 | loss = 66558655201280.000000 | χ²_corr=7.545e+02 | χ²_scatt=6.656e+14 | q_loss=4.000e+02
[2025-07-19 00:40:08,415][__main__][INFO] - [MACE] Relax block at outer step 25
[2025-07-19 00:40:09,925][__main__][INFO] -     MACE sub‑step 00 | E = -653.623657 eV
[2025-07-19 00:40:12,301][__main__][INFO] -     MACE sub‑step 03 | E = -653.623657 eV
[2025-07-19 00:40:14,655][__main__][INFO] -     MACE sub‑step 06 | E = -653.623657 eV
[2025-07-19 00:40:17,229][__main__][INFO] -     MACE sub‑step 09 | E = -653.623657 eV
[2025-07-19 00:40:17,229][__main__][INFO] - step   25 | loss = 66558655201280.000000 | χ²_corr=7.545e+02 | χ²_scatt=6.656e+14 | q_loss=4.000e+02
[2025-07-19 00:40:17,303][__main__][INFO] - [MACE] Relax block at outer step 30
[2025-07-19 00:40:18,940][__main__][INFO] -     MACE sub‑step 00 | E = -653.623657 eV
[2025-07-19 00:40:21,638][__main__][INFO] -     MACE sub‑step 03 | E = -653.623657 eV
[2025-07-19 00:40:24,122][__main__][INFO] -     MACE sub‑step 06 | E = -653.623657 eV
[2025-07-19 00:40:26,446][__main__][INFO] -     MACE sub‑step 09 | E = -653.623657 eV
[2025-07-19 00:40:26,446][__main__][INFO] - step   30 | loss = 148829173186560.000000 | χ²_corr=7.545e+02 | χ²_scatt=6.656e+14 | q_loss=4.000e+02
[2025-07-19 00:40:26,515][__main__][INFO] - [MACE] Relax block at outer step 35
[2025-07-19 00:40:28,051][__main__][INFO] -     MACE sub‑step 00 | E = -653.623657 eV
[2025-07-19 00:40:30,616][__main__][INFO] -     MACE sub‑step 03 | E = -653.623657 eV
[2025-07-19 00:40:32,970][__main__][INFO] -     MACE sub‑step 06 | E = -653.623657 eV
