[2025-07-19 00:37:32,932][__main__][INFO] - — Optimising with AugLagLoss + FIRE —
[2025-07-19 00:37:33,026][__main__][INFO] - [MACE] Relax block at outer step 0
[2025-07-19 00:37:36,426][__main__][INFO] -     MACE sub‑step 00 | E = -362.028015 eV
[2025-07-19 00:37:40,723][__main__][INFO] -     MACE sub‑step 03 | E = -585.166931 eV
[2025-07-19 00:37:44,908][__main__][INFO] -     MACE sub‑step 06 | E = -944.409973 eV
[2025-07-19 00:37:49,141][__main__][INFO] -     MACE sub‑step 09 | E = -1309.164551 eV
[2025-07-19 00:37:49,141][__main__][INFO] - step    0 | loss = 377233536.000000 | χ²_corr=2.385e+02 | χ²_scatt=1.885e+10 | q_loss=2.319e+05
[2025-07-19 00:37:49,465][__main__][INFO] - [MACE] Relax block at outer step 5
[2025-07-19 00:37:52,315][__main__][INFO] -     MACE sub‑step 00 | E = 469.208862 eV
[2025-07-19 00:37:56,586][__main__][INFO] -     MACE sub‑step 03 | E = 8.824036 eV
[2025-07-19 00:38:00,925][__main__][INFO] -     MACE sub‑step 06 | E = -148.296326 eV
[2025-07-19 00:38:05,189][__main__][INFO] -     MACE sub‑step 09 | E = -194.640686 eV
[2025-07-19 00:38:05,500][__main__][INFO] - [MACE] Relax block at outer step 10
[2025-07-19 00:38:08,252][__main__][INFO] -     MACE sub‑step 00 | E = 211.045349 eV
[2025-07-19 00:38:12,338][__main__][INFO] -     MACE sub‑step 03 | E = -1202.326660 eV
[2025-07-19 00:38:16,440][__main__][INFO] -     MACE sub‑step 06 | E = -1216.911255 eV
[2025-07-19 00:38:20,581][__main__][INFO] -     MACE sub‑step 09 | E = -1216.813477 eV
[2025-07-19 00:38:20,696][__main__][INFO] - [MACE] Relax block at outer step 15
[2025-07-19 00:38:22,187][__main__][INFO] -     MACE sub‑step 00 | E = -653.623657 eV
[2025-07-19 00:38:24,350][__main__][INFO] -     MACE sub‑step 03 | E = -653.623657 eV
[2025-07-19 00:38:26,512][__main__][INFO] -     MACE sub‑step 06 | E = -653.623657 eV
[2025-07-19 00:38:28,746][__main__][INFO] -     MACE sub‑step 09 | E = -653.623657 eV
[2025-07-19 00:38:28,812][__main__][INFO] - [MACE] Relax block at outer step 20
[2025-07-19 00:38:30,356][__main__][INFO] -     MACE sub‑step 00 | E = -653.623657 eV
[2025-07-19 00:38:32,587][__main__][INFO] -     MACE sub‑step 03 | E = -653.623657 eV
[2025-07-19 00:38:34,793][__main__][INFO] -     MACE sub‑step 06 | E = -653.623657 eV
[2025-07-19 00:38:37,294][__main__][INFO] -     MACE sub‑step 09 | E = -653.623657 eV
[2025-07-19 00:38:37,360][__main__][INFO] - [MACE] Relax block at outer step 25
[2025-07-19 00:38:38,907][__main__][INFO] -     MACE sub‑step 00 | E = -653.623657 eV
[2025-07-19 00:38:41,175][__main__][INFO] -     MACE sub‑step 03 | E = -653.623657 eV
[2025-07-19 00:38:43,451][__main__][INFO] -     MACE sub‑step 06 | E = -653.623657 eV
[2025-07-19 00:38:45,694][__main__][INFO] -     MACE sub‑step 09 | E = -653.623657 eV
[2025-07-19 00:38:45,694][__main__][INFO] - step   25 | loss = 66558311268352.000000 | χ²_corr=7.545e+02 | χ²_scatt=6.656e+14 | q_loss=4.000e+02
[2025-07-19 00:38:45,760][__main__][INFO] - [MACE] Relax block at outer step 30
[2025-07-19 00:38:47,251][__main__][INFO] -     MACE sub‑step 00 | E = -653.623657 eV
[2025-07-19 00:38:49,439][__main__][INFO] -     MACE sub‑step 03 | E = -653.623657 eV
[2025-07-19 00:38:51,709][__main__][INFO] -     MACE sub‑step 06 | E = -653.623657 eV
[2025-07-19 00:38:53,982][__main__][INFO] -     MACE sub‑step 09 | E = -653.623657 eV
[2025-07-19 00:38:54,047][__main__][INFO] - [MACE] Relax block at outer step 35
[2025-07-19 00:38:55,619][__main__][INFO] -     MACE sub‑step 00 | E = -653.623657 eV
[2025-07-19 00:38:57,985][__main__][INFO] -     MACE sub‑step 03 | E = -653.623657 eV
[2025-07-19 00:39:00,251][__main__][INFO] -     MACE sub‑step 06 | E = -653.623657 eV
[2025-07-19 00:39:02,540][__main__][INFO] -     MACE sub‑step 09 | E = -653.623657 eV
[2025-07-19 00:39:02,606][__main__][INFO] - [MACE] Relax block at outer step 40
[2025-07-19 00:39:04,149][__main__][INFO] -     MACE sub‑step 00 | E = -653.623657 eV
