[2025-07-19 12:06:36,840][__main__][INFO] - — Optimising with AugLagLoss + FIRE —
[2025-07-19 12:06:36,945][__main__][INFO] - step    0 | loss = 1180810752.000000 | χ²_corr=2.348e+02 | χ²_scatt=5.903e+10 | q_loss=2.572e+05 | scale_q=1.000e+00 | scale_scatt=2.000e-02 | rho=1.000e-03 | lambda_corr=2.348e-01 | 
[2025-07-19 12:06:36,945][__main__][INFO] - [MACE] Relax block at outer step 0
[2025-07-19 12:06:40,470][__main__][INFO] -     MACE sub‑step 00 | E = 67.891235 eV
[2025-07-19 12:06:45,559][__main__][INFO] -     MACE sub‑step 03 | E = -417.771851 eV
[2025-07-19 12:06:47,556][__main__][INFO] - step    5 | loss = 645087690752.000000 | χ²_corr=3.404e+07 | χ²_scatt=4.888e+09 | q_loss=2.215e+05 | scale_q=1.000e+00 | scale_scatt=2.000e-02 | rho=1.000e-03 | lambda_corr=3.597e+04 | 
[2025-07-19 12:06:47,687][__main__][INFO] - step   10 | loss = 29765792694272.000000 | χ²_corr=7.545e+02 | χ²_scatt=6.656e+14 | q_loss=4.000e+02 | scale_q=2.236e+00 | scale_scatt=4.472e-02 | rho=5.000e-03 | lambda_corr=5.326e+04 | 
[2025-07-19 12:06:47,758][__main__][INFO] - step   15 | loss = 29765792694272.000000 | χ²_corr=7.545e+02 | χ²_scatt=6.656e+14 | q_loss=4.000e+02 | scale_q=2.236e+00 | scale_scatt=4.472e-02 | rho=5.000e-03 | lambda_corr=5.328e+04 | 
[2025-07-19 12:06:47,830][__main__][INFO] - step   20 | loss = 66558286102528.000000 | χ²_corr=7.545e+02 | χ²_scatt=6.656e+14 | q_loss=4.000e+02 | scale_q=5.000e+00 | scale_scatt=1.000e-01 | rho=2.500e-02 | lambda_corr=5.331e+04 | 
[2025-07-19 12:06:47,902][__main__][INFO] - step   25 | loss = 66558286102528.000000 | χ²_corr=7.545e+02 | χ²_scatt=6.656e+14 | q_loss=4.000e+02 | scale_q=5.000e+00 | scale_scatt=1.000e-01 | rho=2.500e-02 | lambda_corr=5.341e+04 | 
[2025-07-19 12:06:47,980][__main__][INFO] - step   30 | loss = 148828804087808.000000 | χ²_corr=7.545e+02 | χ²_scatt=6.656e+14 | q_loss=4.000e+02 | scale_q=1.118e+01 | scale_scatt=2.236e-01 | rho=1.250e-01 | lambda_corr=5.358e+04 | 
[2025-07-19 12:06:48,057][__main__][INFO] - step   35 | loss = 148828804087808.000000 | χ²_corr=7.545e+02 | χ²_scatt=6.656e+14 | q_loss=4.000e+02 | scale_q=1.118e+01 | scale_scatt=2.236e-01 | rho=1.250e-01 | lambda_corr=5.405e+04 | 
[2025-07-19 12:06:48,155][__main__][INFO] - step   40 | loss = 332791279517696.000000 | χ²_corr=7.545e+02 | χ²_scatt=6.656e+14 | q_loss=4.000e+02 | scale_q=2.500e+01 | scale_scatt=5.000e-01 | rho=6.250e-01 | lambda_corr=5.490e+04 | 
[2025-07-19 12:06:48,285][__main__][INFO] - step   45 | loss = 332791279517696.000000 | χ²_corr=7.545e+02 | χ²_scatt=6.656e+14 | q_loss=4.000e+02 | scale_q=2.500e+01 | scale_scatt=5.000e-01 | rho=6.250e-01 | lambda_corr=5.725e+04 | 
[2025-07-19 12:06:48,375][__main__][INFO] - step   50 | loss = 744143953330176.000000 | χ²_corr=7.545e+02 | χ²_scatt=6.656e+14 | q_loss=4.000e+02 | scale_q=5.590e+01 | scale_scatt=1.118e+00 | rho=3.125e+00 | lambda_corr=6.150e+04 | 
[2025-07-19 12:06:48,451][__main__][INFO] - step   55 | loss = 744143953330176.000000 | χ²_corr=7.545e+02 | χ²_scatt=6.656e+14 | q_loss=4.000e+02 | scale_q=5.590e+01 | scale_scatt=1.118e+00 | rho=3.125e+00 | lambda_corr=7.329e+04 | 
[2025-07-19 12:06:48,527][__main__][INFO] - step   60 | loss = 1663956229816320.000000 | χ²_corr=7.545e+02 | χ²_scatt=6.656e+14 | q_loss=4.000e+02 | scale_q=1.250e+02 | scale_scatt=2.500e+00 | rho=1.563e+01 | lambda_corr=9.451e+04 | 
[2025-07-19 12:06:48,599][__main__][INFO] - step   65 | loss = 1663956364034048.000000 | χ²_corr=7.545e+02 | χ²_scatt=6.656e+14 | q_loss=4.000e+02 | scale_q=1.250e+02 | scale_scatt=2.500e+00 | rho=1.563e+01 | lambda_corr=1.535e+05 | 
[2025-07-19 12:06:48,672][__main__][INFO] - step   70 | loss = 3720719431106560.000000 | χ²_corr=7.545e+02 | χ²_scatt=6.656e+14 | q_loss=4.000e+02 | scale_q=2.795e+02 | scale_scatt=5.590e+00 | rho=7.813e+01 | lambda_corr=2.596e+05 | 
[2025-07-19 12:06:48,747][__main__][INFO] - step   75 | loss = 3720719431106560.000000 | χ²_corr=7.545e+02 | χ²_scatt=6.656e+14 | q_loss=4.000e+02 | scale_q=2.795e+02 | scale_scatt=5.590e+00 | rho=7.813e+01 | lambda_corr=5.543e+05 | 
[2025-07-19 12:06:48,819][__main__][INFO] - step   80 | loss = 8319781685952512.000000 | χ²_corr=7.545e+02 | χ²_scatt=6.656e+14 | q_loss=4.000e+02 | scale_q=6.250e+02 | scale_scatt=1.250e+01 | rho=3.906e+02 | lambda_corr=1.085e+06 | 
[2025-07-19 12:06:48,891][__main__][INFO] - step   85 | loss = 8319782759694336.000000 | χ²_corr=7.545e+02 | χ²_scatt=6.656e+14 | q_loss=4.000e+02 | scale_q=6.250e+02 | scale_scatt=1.250e+01 | rho=3.906e+02 | lambda_corr=2.558e+06 | 
[2025-07-19 12:06:48,965][__main__][INFO] - step   90 | loss = 18603599303016448.000000 | χ²_corr=7.545e+02 | χ²_scatt=6.656e+14 | q_loss=4.000e+02 | scale_q=1.398e+03 | scale_scatt=2.795e+01 | rho=1.953e+03 | lambda_corr=5.211e+06 | 
[2025-07-19 12:06:49,039][__main__][INFO] - step   95 | loss = 18603605745467392.000000 | χ²_corr=7.545e+02 | χ²_scatt=6.656e+14 | q_loss=4.000e+02 | scale_q=1.398e+03 | scale_scatt=2.795e+01 | rho=1.953e+03 | lambda_corr=1.258e+07 | 
[2025-07-19 12:06:49,111][__main__][INFO] - step  100 | loss = 41598922925277184.000000 | χ²_corr=7.545e+02 | χ²_scatt=6.656e+14 | q_loss=4.000e+02 | scale_q=3.125e+03 | scale_scatt=6.250e+01 | rho=9.766e+03 | lambda_corr=2.584e+07 | 
[2025-07-19 12:06:49,111][__main__][INFO] - [MACE] Relax block at outer step 100
[2025-07-19 12:06:50,694][__main__][INFO] -     MACE sub‑step 00 | E = -653.623657 eV
[2025-07-19 12:06:53,056][__main__][INFO] -     MACE sub‑step 03 | E = -653.623657 eV
[2025-07-19 12:06:53,957][__main__][INFO] - step  105 | loss = 41598952990048256.000000 | χ²_corr=7.545e+02 | χ²_scatt=6.656e+14 | q_loss=4.000e+02 | scale_q=3.125e+03 | scale_scatt=6.250e+01 | rho=9.766e+03 | lambda_corr=6.268e+07 | 
[2025-07-19 12:06:54,029][__main__][INFO] - step  110 | loss = 93018073824493568.000000 | χ²_corr=7.545e+02 | χ²_scatt=6.656e+14 | q_loss=4.000e+02 | scale_q=6.988e+03 | scale_scatt=1.398e+02 | rho=4.883e+04 | lambda_corr=1.290e+08 | 
[2025-07-19 12:06:54,101][__main__][INFO] - step  115 | loss = 93018211263447040.000000 | χ²_corr=7.545e+02 | χ²_scatt=6.656e+14 | q_loss=4.000e+02 | scale_q=6.988e+03 | scale_scatt=1.398e+02 | rho=4.883e+04 | lambda_corr=3.132e+08 | 
[2025-07-19 12:06:54,175][__main__][INFO] - step  120 | loss = 207994958223769600.000000 | χ²_corr=7.545e+02 | χ²_scatt=6.656e+14 | q_loss=4.000e+02 | scale_q=1.563e+04 | scale_scatt=3.125e+02 | rho=2.441e+05 | lambda_corr=6.448e+08 | 
[2025-07-19 12:06:54,247][__main__][INFO] - step  125 | loss = 207995662598406144.000000 | χ²_corr=7.545e+02 | χ²_scatt=6.656e+14 | q_loss=4.000e+02 | scale_q=1.563e+04 | scale_scatt=3.125e+02 | rho=2.441e+05 | lambda_corr=1.566e+09 | 
[2025-07-19 12:06:54,319][__main__][INFO] - step  130 | loss = 465092044159713280.000000 | χ²_corr=7.545e+02 | χ²_scatt=6.656e+14 | q_loss=4.000e+02 | scale_q=3.494e+04 | scale_scatt=6.988e+02 | rho=1.221e+06 | lambda_corr=3.224e+09 | 
[2025-07-19 12:06:54,392][__main__][INFO] - step  135 | loss = 465095514493288448.000000 | χ²_corr=7.545e+02 | χ²_scatt=6.656e+14 | q_loss=4.000e+02 | scale_q=3.494e+04 | scale_scatt=6.988e+02 | rho=1.221e+06 | lambda_corr=7.829e+09 | 
[2025-07-19 12:06:54,469][__main__][INFO] - step  140 | loss = 1039983106175533056.000000 | χ²_corr=7.545e+02 | χ²_scatt=6.656e+14 | q_loss=4.000e+02 | scale_q=7.813e+04 | scale_scatt=1.563e+03 | rho=6.104e+06 | lambda_corr=1.612e+10 | 
[2025-07-19 12:06:54,576][__main__][INFO] - step  145 | loss = 1040000492203147264.000000 | χ²_corr=7.545e+02 | χ²_scatt=6.656e+14 | q_loss=4.000e+02 | scale_q=7.813e+04 | scale_scatt=1.563e+03 | rho=6.104e+06 | lambda_corr=3.914e+10 | 
[2025-07-19 12:06:54,651][__main__][INFO] - step  150 | loss = 2325502002240421888.000000 | χ²_corr=7.545e+02 | χ²_scatt=6.656e+14 | q_loss=4.000e+02 | scale_q=1.747e+05 | scale_scatt=3.494e+03 | rho=3.052e+07 | lambda_corr=8.059e+10 | 
[2025-07-19 12:06:54,724][__main__][INFO] - step  155 | loss = 2325588863659016192.000000 | χ²_corr=7.545e+02 | χ²_scatt=6.656e+14 | q_loss=4.000e+02 | scale_q=1.747e+05 | scale_scatt=3.494e+03 | rho=3.052e+07 | lambda_corr=1.957e+11 | 
[2025-07-19 12:06:54,798][__main__][INFO] - step  160 | loss = 5200124300647989248.000000 | χ²_corr=7.545e+02 | χ²_scatt=6.656e+14 | q_loss=4.000e+02 | scale_q=3.906e+05 | scale_scatt=7.813e+03 | rho=1.526e+08 | lambda_corr=4.030e+11 | 
[2025-07-19 12:06:54,871][__main__][INFO] - step  165 | loss = 5200558607740960768.000000 | χ²_corr=7.545e+02 | χ²_scatt=6.656e+14 | q_loss=4.000e+02 | scale_q=3.906e+05 | scale_scatt=7.813e+03 | rho=1.526e+08 | lambda_corr=9.786e+11 | 
[2025-07-19 12:06:54,948][__main__][INFO] - step  170 | loss = 11628552623103148032.000000 | χ²_corr=7.545e+02 | χ²_scatt=6.656e+14 | q_loss=4.000e+02 | scale_q=8.735e+05 | scale_scatt=1.747e+04 | rho=7.629e+08 | lambda_corr=2.015e+12 | 
[2025-07-19 12:06:55,030][__main__][INFO] - step  175 | loss = 11630724158568005632.000000 | χ²_corr=7.545e+02 | χ²_scatt=6.656e+14 | q_loss=4.000e+02 | scale_q=8.735e+05 | scale_scatt=1.747e+04 | rho=7.629e+08 | lambda_corr=4.893e+12 | 
[2025-07-19 12:06:55,110][__main__][INFO] - step  180 | loss = 26005833738111418368.000000 | χ²_corr=7.545e+02 | χ²_scatt=6.656e+14 | q_loss=4.000e+02 | scale_q=1.953e+06 | scale_scatt=3.906e+04 | rho=3.815e+09 | lambda_corr=1.007e+13 | 
[2025-07-19 12:06:55,187][__main__][INFO] - step  185 | loss = 26016692514947334144.000000 | χ²_corr=7.545e+02 | χ²_scatt=6.656e+14 | q_loss=4.000e+02 | scale_q=1.953e+06 | scale_scatt=3.906e+04 | rho=3.815e+09 | lambda_corr=2.446e+13 | 
[2025-07-19 12:06:55,261][__main__][INFO] - step  190 | loss = 58168813844512636928.000000 | χ²_corr=7.545e+02 | χ²_scatt=6.656e+14 | q_loss=4.000e+02 | scale_q=4.367e+06 | scale_scatt=8.735e+04 | rho=1.907e+10 | lambda_corr=5.037e+13 | 
[2025-07-19 12:06:55,337][__main__][INFO] - step  195 | loss = 58223107728692215808.000000 | χ²_corr=7.545e+02 | χ²_scatt=6.656e+14 | q_loss=4.000e+02 | scale_q=4.367e+06 | scale_scatt=8.735e+04 | rho=1.907e+10 | lambda_corr=1.223e+14 | 
[2025-07-19 12:06:55,404][__main__][INFO] - step  200 | loss = 130159456420402036736.000000 | χ²_corr=7.545e+02 | χ²_scatt=6.656e+14 | q_loss=4.000e+02 | scale_q=9.766e+06 | scale_scatt=1.953e+05 | rho=9.537e+10 | lambda_corr=2.518e+14 | 
[2025-07-19 12:06:55,405][__main__][INFO] - [MACE] Relax block at outer step 200
[2025-07-19 12:06:56,886][__main__][INFO] -     MACE sub‑step 00 | E = -653.623657 eV
[2025-07-19 12:06:59,935][__main__][INFO] -     MACE sub‑step 03 | E = -653.623657 eV
[2025-07-19 12:07:01,890][__main__][INFO] - step  205 | loss = 130430912647160397824.000000 | χ²_corr=7.545e+02 | χ²_scatt=6.656e+14 | q_loss=4.000e+02 | scale_q=9.766e+06 | scale_scatt=1.953e+05 | rho=9.537e+10 | lambda_corr=6.116e+14 | 
[2025-07-19 12:07:02,099][__main__][INFO] - step  210 | loss = 291495573842485575680.000000 | χ²_corr=7.545e+02 | χ²_scatt=6.656e+14 | q_loss=4.000e+02 | scale_q=2.184e+07 | scale_scatt=4.367e+05 | rho=4.768e+11 | lambda_corr=1.259e+15 | 
[2025-07-19 12:07:02,309][__main__][INFO] - step  215 | loss = 292852846180184358912.000000 | χ²_corr=7.545e+02 | χ²_scatt=6.656e+14 | q_loss=4.000e+02 | scale_q=2.184e+07 | scale_scatt=4.367e+05 | rho=4.768e+11 | lambda_corr=3.058e+15 | 
[2025-07-19 12:07:02,506][__main__][INFO] - step  220 | loss = 654054818395761672192.000000 | χ²_corr=7.545e+02 | χ²_scatt=6.656e+14 | q_loss=4.000e+02 | scale_q=4.883e+07 | scale_scatt=9.766e+05 | rho=2.384e+12 | lambda_corr=6.296e+15 | 
[2025-07-19 12:07:02,688][__main__][INFO] - step  225 | loss = 660841180084255588352.000000 | χ²_corr=7.545e+02 | χ²_scatt=6.656e+14 | q_loss=4.000e+02 | scale_q=4.883e+07 | scale_scatt=9.766e+05 | rho=2.384e+12 | lambda_corr=1.529e+16 | 
[2025-07-19 12:07:03,018][__main__][INFO] - step  230 | loss = 1473765260410115588096.000000 | χ²_corr=7.545e+02 | χ²_scatt=6.656e+14 | q_loss=4.000e+02 | scale_q=1.092e+08 | scale_scatt=2.184e+06 | rho=1.192e+13 | lambda_corr=3.148e+16 | 
[2025-07-19 12:07:03,233][__main__][INFO] - step  235 | loss = 1507697209590073524224.000000 | χ²_corr=7.545e+02 | χ²_scatt=6.656e+14 | q_loss=4.000e+02 | scale_q=1.092e+08 | scale_scatt=2.184e+06 | rho=1.192e+13 | lambda_corr=7.645e+16 | 
[2025-07-19 12:07:03,486][__main__][INFO] - step  240 | loss = 3351710854453200420864.000000 | χ²_corr=7.545e+02 | χ²_scatt=6.656e+14 | q_loss=4.000e+02 | scale_q=2.441e+08 | scale_scatt=4.883e+06 | rho=5.960e+13 | lambda_corr=1.574e+17 | 
[2025-07-19 12:07:03,688][__main__][INFO] - step  245 | loss = 3521370178140525035520.000000 | χ²_corr=7.545e+02 | χ²_scatt=6.656e+14 | q_loss=4.000e+02 | scale_q=2.441e+08 | scale_scatt=4.883e+06 | rho=5.960e+13 | lambda_corr=3.823e+17 | 
[2025-07-19 12:07:03,890][__main__][INFO] - step  250 | loss = 7776009692210073174016.000000 | χ²_corr=7.545e+02 | χ²_scatt=6.656e+14 | q_loss=4.000e+02 | scale_q=5.459e+08 | scale_scatt=1.092e+07 | rho=2.980e+14 | lambda_corr=7.870e+17 | 
[2025-07-19 12:07:04,079][__main__][INFO] - step  255 | loss = 8624307155071626379264.000000 | χ²_corr=7.545e+02 | χ²_scatt=6.656e+14 | q_loss=4.000e+02 | scale_q=5.459e+08 | scale_scatt=1.092e+07 | rho=2.980e+14 | lambda_corr=1.911e+18 | 
[2025-07-19 12:07:04,288][__main__][INFO] - step  260 | loss = 18794469252738641297408.000000 | χ²_corr=7.545e+02 | χ²_scatt=6.656e+14 | q_loss=4.000e+02 | scale_q=1.221e+09 | scale_scatt=2.441e+07 | rho=1.490e+15 | lambda_corr=3.935e+18 | 
[2025-07-19 12:07:04,490][__main__][INFO] - step  265 | loss = 23035957129996360744960.000000 | χ²_corr=7.545e+02 | χ²_scatt=6.656e+14 | q_loss=4.000e+02 | scale_q=1.221e+09 | scale_scatt=2.441e+07 | rho=1.490e+15 | lambda_corr=9.557e+18 | 
[2025-07-19 12:07:04,738][__main__][INFO] - step  270 | loss = 49059620267188818018304.000000 | χ²_corr=7.545e+02 | χ²_scatt=6.656e+14 | q_loss=4.000e+02 | scale_q=2.730e+09 | scale_scatt=5.459e+07 | rho=7.451e+15 | lambda_corr=1.968e+19 | 
[2025-07-19 12:07:04,948][__main__][INFO] - step  275 | loss = 70267052898077974200320.000000 | χ²_corr=7.545e+02 | χ²_scatt=6.656e+14 | q_loss=4.000e+02 | scale_q=2.730e+09 | scale_scatt=5.459e+07 | rho=7.451e+15 | lambda_corr=4.778e+19 | 
[2025-07-19 12:07:05,166][__main__][INFO] - step  280 | loss = 144870198538986026172416.000000 | χ²_corr=7.545e+02 | χ²_scatt=6.656e+14 | q_loss=4.000e+02 | scale_q=6.104e+09 | scale_scatt=1.221e+08 | rho=3.725e+16 | lambda_corr=9.838e+19 | 
[2025-07-19 12:07:05,363][__main__][INFO] - step  285 | loss = 250907406729428080787456.000000 | χ²_corr=7.545e+02 | χ²_scatt=6.656e+14 | q_loss=4.000e+02 | scale_q=6.104e+09 | scale_scatt=1.221e+08 | rho=3.725e+16 | lambda_corr=2.389e+20 | 
[2025-07-19 12:07:05,573][__main__][INFO] - step  290 | loss = 499787364964208002203648.000000 | χ²_corr=7.545e+02 | χ²_scatt=6.656e+14 | q_loss=4.000e+02 | scale_q=1.365e+10 | scale_scatt=2.730e+08 | rho=1.863e+17 | lambda_corr=4.919e+20 | 
[2025-07-19 12:07:05,683][__main__][INFO] - step  295 | loss = 1029973306837226473127936.000000 | χ²_corr=7.545e+02 | χ²_scatt=6.656e+14 | q_loss=4.000e+02 | scale_q=1.365e+10 | scale_scatt=2.730e+08 | rho=1.863e+17 | lambda_corr=1.195e+21 | 
[2025-07-19 12:07:05,778][__main__][INFO] - step  300 | loss = 1996797067641869813415936.000000 | χ²_corr=7.545e+02 | χ²_scatt=6.656e+14 | q_loss=4.000e+02 | scale_q=3.052e+10 | scale_scatt=6.104e+08 | rho=9.313e+17 | lambda_corr=2.459e+21 | 
[2025-07-19 12:07:05,779][__main__][INFO] - [MACE] Relax block at outer step 300
[2025-07-19 12:07:07,855][__main__][INFO] -     MACE sub‑step 00 | E = -653.623657 eV
[2025-07-19 12:07:11,839][__main__][INFO] -     MACE sub‑step 03 | E = -653.623657 eV
[2025-07-19 12:07:13,377][__main__][INFO] - step  305 | loss = 4647726921122150243893248.000000 | χ²_corr=7.545e+02 | χ²_scatt=6.656e+14 | q_loss=4.000e+02 | scale_q=3.052e+10 | scale_scatt=6.104e+08 | rho=9.313e+17 | lambda_corr=5.973e+21 | 
[2025-07-19 12:07:13,594][__main__][INFO] - step  310 | loss = 8861166758202974941478912.000000 | χ²_corr=7.545e+02 | χ²_scatt=6.656e+14 | q_loss=4.000e+02 | scale_q=6.824e+10 | scale_scatt=1.365e+09 | rho=4.657e+18 | lambda_corr=1.230e+22 | 
[2025-07-19 12:07:13,801][__main__][INFO] - step  315 | loss = 22115819916714455141974016.000000 | χ²_corr=7.545e+02 | χ²_scatt=6.656e+14 | q_loss=4.000e+02 | scale_q=6.824e+10 | scale_scatt=1.365e+09 | rho=4.657e+18 | lambda_corr=2.986e+22 | 
[2025-07-19 12:07:13,912][__main__][INFO] - step  320 | loss = 41795143147627150005239808.000000 | χ²_corr=7.545e+02 | χ²_scatt=6.656e+14 | q_loss=4.000e+02 | scale_q=1.526e+11 | scale_scatt=3.052e+09 | rho=2.328e+19 | lambda_corr=6.149e+22 | 
[2025-07-19 12:07:13,990][__main__][INFO] - step  325 | loss = 108068377811303926622846976.000000 | χ²_corr=7.545e+02 | χ²_scatt=6.656e+14 | q_loss=4.000e+02 | scale_q=1.526e+11 | scale_scatt=3.052e+09 | rho=2.328e+19 | lambda_corr=1.493e+23 | 
[2025-07-19 12:07:14,070][__main__][INFO] - step  330 | loss = 203361610588312892950446080.000000 | χ²_corr=7.545e+02 | χ²_scatt=6.656e+14 | q_loss=4.000e+02 | scale_q=3.412e+11 | scale_scatt=6.824e+09 | rho=1.164e+20 | lambda_corr=3.074e+23 | 
[2025-07-19 12:07:14,140][__main__][INFO] - step  335 | loss = 534727760848266683901542400.000000 | χ²_corr=7.545e+02 | χ²_scatt=6.656e+14 | q_loss=4.000e+02 | scale_q=3.412e+11 | scale_scatt=6.824e+09 | rho=1.164e+20 | lambda_corr=7.466e+23 | 
[2025-07-19 12:07:14,207][__main__][INFO] - step  340 | loss = 1004254471750338829881442304.000000 | χ²_corr=7.545e+02 | χ²_scatt=6.656e+14 | q_loss=4.000e+02 | scale_q=7.629e+11 | scale_scatt=1.526e+10 | rho=5.821e+20 | lambda_corr=1.537e+24 | 
[2025-07-19 12:07:14,274][__main__][INFO] - step  345 | loss = 2661085389070804448022888448.000000 | χ²_corr=7.545e+02 | χ²_scatt=6.656e+14 | q_loss=4.000e+02 | scale_q=7.629e+11 | scale_scatt=1.526e+10 | rho=5.821e+20 | lambda_corr=3.733e+24 | 
[2025-07-19 12:07:14,345][__main__][INFO] - step  350 | loss = 4993201874507754029874937856.000000 | χ²_corr=7.545e+02 | χ²_scatt=6.656e+14 | q_loss=4.000e+02 | scale_q=1.706e+12 | scale_scatt=3.412e+10 | rho=2.910e+21 | lambda_corr=7.686e+24 | 
[2025-07-19 12:07:14,412][__main__][INFO] - step  355 | loss = 13277357198979845068964233216.000000 | χ²_corr=7.545e+02 | χ²_scatt=6.656e+14 | q_loss=4.000e+02 | scale_q=1.706e+12 | scale_scatt=3.412e+10 | rho=2.910e+21 | lambda_corr=1.867e+25 | 
[2025-07-19 12:07:14,480][__main__][INFO] - step  360 | loss = 24903241448135897901311197184.000000 | χ²_corr=7.545e+02 | χ²_scatt=6.656e+14 | q_loss=4.000e+02 | scale_q=3.815e+12 | scale_scatt=7.629e+10 | rho=1.455e+22 | lambda_corr=3.843e+25 | 
[2025-07-19 12:07:14,547][__main__][INFO] - step  365 | loss = 66324012757834059868406808576.000000 | χ²_corr=7.545e+02 | χ²_scatt=6.656e+14 | q_loss=4.000e+02 | scale_q=3.815e+12 | scale_scatt=7.629e+10 | rho=1.455e+22 | lambda_corr=9.333e+25 | 
[2025-07-19 12:07:14,615][__main__][INFO] - step  370 | loss = 124375856147625362215982333952.000000 | χ²_corr=7.545e+02 | χ²_scatt=6.656e+14 | q_loss=4.000e+02 | scale_q=8.530e+12 | scale_scatt=1.706e+11 | rho=7.276e+22 | lambda_corr=1.921e+26 | 
[2025-07-19 12:07:14,682][__main__][INFO] - step  375 | loss = 331479715057299413486282997760.000000 | χ²_corr=7.545e+02 | χ²_scatt=6.656e+14 | q_loss=4.000e+02 | scale_q=8.530e+12 | scale_scatt=1.706e+11 | rho=7.276e+22 | lambda_corr=4.666e+26 | 
[2025-07-19 12:07:14,750][__main__][INFO] - step  380 | loss = 621565545598470883330494562304.000000 | χ²_corr=7.545e+02 | χ²_scatt=6.656e+14 | q_loss=4.000e+02 | scale_q=1.907e+13 | scale_scatt=3.815e+11 | rho=3.638e+23 | lambda_corr=9.607e+26 | 
[2025-07-19 12:07:14,818][__main__][INFO] - step  385 | loss = 1657084896815238934117740445696.000000 | χ²_corr=7.545e+02 | χ²_scatt=6.656e+14 | q_loss=4.000e+02 | scale_q=1.907e+13 | scale_scatt=3.815e+11 | rho=3.638e+23 | lambda_corr=2.333e+27 | 
[2025-07-19 12:07:14,886][__main__][INFO] - step  390 | loss = 3107125530985817631887777071104.000000 | χ²_corr=7.545e+02 | χ²_scatt=6.656e+14 | q_loss=4.000e+02 | scale_q=4.265e+13 | scale_scatt=8.530e+11 | rho=1.819e+24 | lambda_corr=4.804e+27 | 
[2025-07-19 12:07:14,952][__main__][INFO] - step  395 | loss = 8284722702637908378352785293312.000000 | χ²_corr=7.545e+02 | χ²_scatt=6.656e+14 | q_loss=4.000e+02 | scale_q=4.265e+13 | scale_scatt=8.530e+11 | rho=1.819e+24 | lambda_corr=1.167e+28 | 
[2025-07-19 12:07:15,020][__main__][INFO] - step  400 | loss = 15534059678141047985399291445248.000000 | χ²_corr=7.545e+02 | χ²_scatt=6.656e+14 | q_loss=4.000e+02 | scale_q=9.537e+13 | scale_scatt=1.907e+12 | rho=9.095e+24 | lambda_corr=2.402e+28 | 
[2025-07-19 12:07:15,020][__main__][INFO] - [MACE] Relax block at outer step 400
[2025-07-19 12:07:16,464][__main__][INFO] -     MACE sub‑step 00 | E = -653.623657 eV
[2025-07-19 12:07:18,718][__main__][INFO] -     MACE sub‑step 03 | E = -653.623657 eV
[2025-07-19 12:07:19,516][__main__][INFO] - step  405 | loss = 41422044327475682103095157850112.000000 | χ²_corr=7.545e+02 | χ²_scatt=6.656e+14 | q_loss=4.000e+02 | scale_q=9.537e+13 | scale_scatt=1.907e+12 | rho=9.095e+24 | lambda_corr=5.833e+28 | 
[2025-07-19 12:07:19,583][__main__][INFO] - step  410 | loss = 77666786461199259429243935784960.000000 | χ²_corr=7.545e+02 | χ²_scatt=6.656e+14 | q_loss=4.000e+02 | scale_q=2.132e+14 | scale_scatt=4.265e+12 | rho=4.547e+25 | lambda_corr=1.201e+29 | 
[2025-07-19 12:07:19,650][__main__][INFO] - step  415 | loss = 207106730259611363466419237814272.000000 | χ²_corr=7.545e+02 | χ²_scatt=6.656e+14 | q_loss=4.000e+02 | scale_q=2.132e+14 | scale_scatt=4.265e+12 | rho=4.547e+25 | lambda_corr=2.916e+29 | 
[2025-07-19 12:07:19,718][__main__][INFO] - step  420 | loss = 388326083959575358973617486430208.000000 | χ²_corr=7.545e+02 | χ²_scatt=6.656e+14 | q_loss=4.000e+02 | scale_q=4.768e+14 | scale_scatt=9.537e+12 | rho=2.274e+26 | lambda_corr=6.004e+29 | 
[2025-07-19 12:07:19,787][__main__][INFO] - step  425 | loss = 1035525778773119486866910502453248.000000 | χ²_corr=7.545e+02 | χ²_scatt=6.656e+14 | q_loss=4.000e+02 | scale_q=4.768e+14 | scale_scatt=9.537e+12 | rho=2.274e+26 | lambda_corr=1.458e+30 | 
[2025-07-19 12:07:19,855][__main__][INFO] - step  430 | loss = 1941613166008579254880506025607168.000000 | χ²_corr=7.545e+02 | χ²_scatt=6.656e+14 | q_loss=4.000e+02 | scale_q=1.066e+15 | scale_scatt=2.132e+13 | rho=1.137e+27 | lambda_corr=3.002e+30 | 
[2025-07-19 12:07:19,924][__main__][INFO] - step  435 | loss = 5177610866363775340984299293769728.000000 | χ²_corr=7.545e+02 | χ²_scatt=6.656e+14 | q_loss=4.000e+02 | scale_q=1.066e+15 | scale_scatt=2.132e+13 | rho=1.137e+27 | lambda_corr=7.291e+30 | 
[2025-07-19 12:07:19,991][__main__][INFO] - step  440 | loss = 9708024823279094946180924094545920.000000 | χ²_corr=7.545e+02 | χ²_scatt=6.656e+14 | q_loss=4.000e+02 | scale_q=2.384e+15 | scale_scatt=4.768e+13 | rho=5.684e+27 | lambda_corr=1.501e+31 | 
[2025-07-19 12:07:20,061][__main__][INFO] - step  445 | loss = 25888012551342550823337218623406080.000000 | χ²_corr=7.545e+02 | χ²_scatt=6.656e+14 | q_loss=4.000e+02 | scale_q=2.384e+15 | scale_scatt=4.768e+13 | rho=5.684e+27 | lambda_corr=3.646e+31 | 
[2025-07-19 12:07:20,130][__main__][INFO] - step  450 | loss = 48540030032952489042003728139288576.000000 | χ²_corr=7.545e+02 | χ²_scatt=6.656e+14 | q_loss=4.000e+02 | scale_q=5.331e+15 | scale_scatt=1.066e+14 | rho=2.842e+28 | lambda_corr=7.506e+31 | 
[2025-07-19 12:07:20,198][__main__][INFO] - step  455 | loss = 129439971149149846998545750581837824.000000 | χ²_corr=7.545e+02 | χ²_scatt=6.656e+14 | q_loss=4.000e+02 | scale_q=5.331e+15 | scale_scatt=1.066e+14 | rho=2.842e+28 | lambda_corr=1.823e+32 | 
[2025-07-19 12:07:20,265][__main__][INFO] - step  460 | loss = 242699966949636630973737955626057728.000000 | χ²_corr=7.545e+02 | χ²_scatt=6.656e+14 | q_loss=4.000e+02 | scale_q=1.192e+16 | scale_scatt=2.384e+14 | rho=1.421e+29 | lambda_corr=3.753e+32 | 
[2025-07-19 12:07:20,334][__main__][INFO] - step  465 | loss = 647199726999985149313180163400269824.000000 | χ²_corr=7.545e+02 | χ²_scatt=6.656e+14 | q_loss=4.000e+02 | scale_q=1.192e+16 | scale_scatt=2.384e+14 | rho=1.421e+29 | lambda_corr=9.114e+32 | 
[2025-07-19 12:07:20,401][__main__][INFO] - step  470 | loss = 1213499498028492469245255005568499712.000000 | χ²_corr=7.545e+02 | χ²_scatt=6.656e+14 | q_loss=4.000e+02 | scale_q=2.666e+16 | scale_scatt=5.331e+14 | rho=7.105e+29 | lambda_corr=1.876e+33 | 
[2025-07-19 12:07:20,469][__main__][INFO] - step  475 | loss = 3235997921946463118186862475105796096.000000 | χ²_corr=7.545e+02 | χ²_scatt=6.656e+14 | q_loss=4.000e+02 | scale_q=2.666e+16 | scale_scatt=5.331e+14 | rho=7.105e+29 | lambda_corr=4.557e+33 | 
[2025-07-19 12:07:20,540][__main__][INFO] - step  480 | loss = 6067496777088999717847236685946945536.000000 | χ²_corr=7.545e+02 | χ²_scatt=6.656e+14 | q_loss=4.000e+02 | scale_q=5.960e+16 | scale_scatt=1.192e+15 | rho=3.553e+30 | lambda_corr=9.382e+33 | 
[2025-07-19 12:07:20,607][__main__][INFO] - step  485 | loss = 16179991828120865990335764994759589888.000000 | χ²_corr=7.545e+02 | χ²_scatt=6.656e+14 | q_loss=4.000e+02 | scale_q=5.960e+16 | scale_scatt=1.192e+15 | rho=3.553e+30 | lambda_corr=2.278e+34 | 
[2025-07-19 12:07:20,676][__main__][INFO] - step  490 | loss = 30337482617794398361006781933031522304.000000 | χ²_corr=7.545e+02 | χ²_scatt=6.656e+14 | q_loss=4.000e+02 | scale_q=1.333e+17 | scale_scatt=2.666e+15 | rho=1.776e+31 | lambda_corr=4.691e+34 | 
[2025-07-19 12:07:20,746][__main__][INFO] - step  495 | loss = 80899950267050128354073014496875511808.000000 | χ²_corr=7.545e+02 | χ²_scatt=6.656e+14 | q_loss=4.000e+02 | scale_q=1.333e+17 | scale_scatt=2.666e+15 | rho=1.776e+31 | lambda_corr=1.139e+35 | 
